<?xml version="1.0" encoding="UTF-8"?>
<testng-results skipped="0" failed="1" total="1" passed="0">
  <reporter-output>
  </reporter-output>
  <suite name="Default suite" duration-ms="940055" started-at="2017-01-19T03:22:59Z" finished-at="2017-01-19T03:38:39Z">
    <groups>
    </groups>
    <test name="Default test" duration-ms="940055" started-at="2017-01-19T03:22:59Z" finished-at="2017-01-19T03:38:39Z">
      <class name="com.yovee.fdfs.test.FdfsTest">
        <test-method status="PASS" signature="readFile()[pri:0, instance:com.yovee.fdfs.test.FdfsTest@536ac6]" name="readFile" is-config="true" duration-ms="7" started-at="2017-01-19T11:22:59Z" finished-at="2017-01-19T11:22:59Z">
          <reporter-output>
          </reporter-output>
        </test-method> <!-- readFile -->
        <test-method status="FAIL" signature="testUpload()[pri:0, instance:com.yovee.fdfs.test.FdfsTest@536ac6]" name="testUpload" duration-ms="940023" started-at="2017-01-19T11:22:59Z" finished-at="2017-01-19T11:38:39Z">
          <exception class="java.net.ConnectException">
            <message>
              <![CDATA[Connection timed out: connect]]>
            </message>
            <full-stacktrace>
              <![CDATA[java.net.ConnectException: Connection timed out: connect
	at java.net.DualStackPlainSocketImpl.waitForConnect(Native Method)
	at java.net.DualStackPlainSocketImpl.socketConnect(DualStackPlainSocketImpl.java:85)
	at java.net.AbstractPlainSocketImpl.doConnect(AbstractPlainSocketImpl.java:339)
	at java.net.AbstractPlainSocketImpl.connectToAddress(AbstractPlainSocketImpl.java:200)
	at java.net.AbstractPlainSocketImpl.connect(AbstractPlainSocketImpl.java:182)
	at java.net.PlainSocketImpl.connect(PlainSocketImpl.java:172)
	at java.net.SocksSocketImpl.connect(SocksSocketImpl.java:392)
	at java.net.Socket.connect(Socket.java:579)
	at org.csource.fastdfs.ClientGlobal.getSocket(ClientGlobal.java:107)
	at org.csource.fastdfs.StorageServer.<init>(StorageServer.java:45)
	at org.csource.fastdfs.TrackerClient.getStoreStorage(TrackerClient.java:158)
	at org.csource.fastdfs.TrackerClient.getStoreStorage(TrackerClient.java:69)
	at com.yovee.fdfs.test.FdfsTest.testUpload(FdfsTest.java:51)
	at sun.reflect.NativeMethodAccessorImpl.invoke0(Native Method)
	at sun.reflect.NativeMethodAccessorImpl.invoke(NativeMethodAccessorImpl.java:57)
	at sun.reflect.DelegatingMethodAccessorImpl.invoke(DelegatingMethodAccessorImpl.java:43)
	at java.lang.reflect.Method.invoke(Method.java:606)
	at org.testng.internal.MethodInvocationHelper.invokeMethod(MethodInvocationHelper.java:80)
	at org.testng.internal.Invoker.invokeMethod(Invoker.java:714)
	at org.testng.internal.Invoker.invokeTestMethod(Invoker.java:901)
	at org.testng.internal.Invoker.invokeTestMethods(Invoker.java:1231)
	at org.testng.internal.TestMethodWorker.invokeTestMethods(TestMethodWorker.java:127)
	at org.testng.internal.TestMethodWorker.run(TestMethodWorker.java:111)
	at org.testng.TestRunner.privateRun(TestRunner.java:767)
	at org.testng.TestRunner.run(TestRunner.java:617)
	at org.testng.SuiteRunner.runTest(SuiteRunner.java:334)
	at org.testng.SuiteRunner.runSequentially(SuiteRunner.java:329)
	at org.testng.SuiteRunner.privateRun(SuiteRunner.java:291)
	at org.testng.SuiteRunner.run(SuiteRunner.java:240)
	at org.testng.SuiteRunnerWorker.runSuite(SuiteRunnerWorker.java:52)
	at org.testng.SuiteRunnerWorker.run(SuiteRunnerWorker.java:86)
	at org.testng.TestNG.runSuitesSequentially(TestNG.java:1198)
	at org.testng.TestNG.runSuitesLocally(TestNG.java:1123)
	at org.testng.TestNG.run(TestNG.java:1031)
	at org.testng.remote.AbstractRemoteTestNG.run(AbstractRemoteTestNG.java:126)
	at org.testng.remote.RemoteTestNG.initAndRun(RemoteTestNG.java:152)
	at org.testng.remote.RemoteTestNG.main(RemoteTestNG.java:57)
]]>
            </full-stacktrace>
          </exception> <!-- java.net.ConnectException -->
          <reporter-output>
          </reporter-output>
        </test-method> <!-- testUpload -->
      </class> <!-- com.yovee.fdfs.test.FdfsTest -->
    </test> <!-- Default test -->
  </suite> <!-- Default suite -->
</testng-results>
